[2012-02-26 18:25:42] request.ERROR: Symfony\Component\HttpKernel\Exception\NotFoundHttpException: No route found for "GET /" (uncaught exception) at /Users/marc/git/codag/vendor/symfony/src/Symfony/Component/HttpKernel/EventListener/RouterListener.php line 68 [] []
[2012-02-26 18:25:45] request.ERROR: Symfony\Component\HttpKernel\Exception\NotFoundHttpException: No route found for "GET /" (uncaught exception) at /Users/marc/git/codag/vendor/symfony/src/Symfony/Component/HttpKernel/EventListener/RouterListener.php line 68 [] []
[2012-02-26 18:35:04] request.ERROR: Symfony\Component\HttpKernel\Exception\NotFoundHttpException: No route found for "GET /config.phg" (uncaught exception) at /Users/marc/git/codag/app/cache/prod/classes.php line 4434 [] []
[2012-02-26 20:45:30] request.ERROR: Symfony\Component\HttpKernel\Exception\NotFoundHttpException: No route found for "GET /" (uncaught exception) at /Users/marc/git/codag/app/cache/prod/classes.php line 4434 [] []
[2012-02-26 20:45:34] request.ERROR: Symfony\Component\HttpKernel\Exception\NotFoundHttpException: No route found for "GET /hello/world" (uncaught exception) at /Users/marc/git/codag/app/cache/prod/classes.php line 4434 [] []
[2012-02-26 20:48:16] request.ERROR: Symfony\Component\HttpKernel\Exception\NotFoundHttpException: No route found for "GET /hello/world" (uncaught exception) at /Users/marc/git/codag/app/cache/prod/classes.php line 4434 [] []
[2012-02-27 23:47:48] request.ERROR: Symfony\Component\HttpKernel\Exception\NotFoundHttpException: No route found for "GET /post/test" (uncaught exception) at /Users/marc/git/codag/app/cache/prod/classes.php line 4434 [] []
[2012-02-27 23:48:01] request.ERROR: Symfony\Component\HttpKernel\Exception\NotFoundHttpException: No route found for "GET /" (uncaught exception) at /Users/marc/git/codag/app/cache/prod/classes.php line 4434 [] []
[2012-03-31 18:43:06] request.ERROR: Symfony\Component\HttpKernel\Exception\NotFoundHttpException: No route found for "GET /" (uncaught exception) at /Users/marc/git/codag/app/cache/prod/classes.php line 4434 [] []
[2012-04-01 20:46:59] request.INFO: Matched route "blog_post_view" (parameters: "_controller": "Webdev\BlogBundle\Controller\PostController::viewAction", "slug": "symfony2-tutorialfadsf", "_route": "blog_post_view") [] []
[2012-04-01 20:46:59] request.ERROR: Symfony\Component\HttpKernel\Exception\NotFoundHttpException: Blogpost symfony2-tutorialfadsfwurde nicht gefunden (uncaught exception) at /Users/Marc/git/blog/vendor/symfony/src/Symfony/Bundle/FrameworkBundle/Controller/Controller.php line 139 [] []
[2012-04-01 20:57:36] request.INFO: Matched route "blog_post_view" (parameters: "_controller": "Webdev\BlogBundle\Controller\PostController::viewAction", "slug": "symfony2-tutorialfadsf", "_route": "blog_post_view") [] []
[2012-04-01 20:57:36] request.ERROR: Symfony\Component\HttpKernel\Exception\NotFoundHttpException: Blogpost symfony2-tutorialfadsfwurde nicht gefunden (uncaught exception) at /Users/Marc/git/blog/vendor/symfony/src/Symfony/Bundle/FrameworkBundle/Controller/Controller.php line 139 [] []
[2012-04-01 20:57:37] request.ERROR: Exception thrown when handling an exception (Twig_Error_Syntax: Unknown tag name "extend". Did you mean "extends" in {} at line 1) [] []
[2012-04-01 20:57:39] request.INFO: Matched route "blog_post_view" (parameters: "_controller": "Webdev\BlogBundle\Controller\PostController::viewAction", "slug": "symfony2-tutorialfadsf", "_route": "blog_post_view") [] []
[2012-04-01 20:57:39] request.ERROR: Symfony\Component\HttpKernel\Exception\NotFoundHttpException: Blogpost symfony2-tutorialfadsfwurde nicht gefunden (uncaught exception) at /Users/Marc/git/blog/vendor/symfony/src/Symfony/Bundle/FrameworkBundle/Controller/Controller.php line 139 [] []
[2012-04-01 20:57:39] request.ERROR: Exception thrown when handling an exception (Twig_Error_Syntax: Unknown tag name "extend". Did you mean "extends" in {} at line 1) [] []
[2012-04-01 20:58:07] request.INFO: Matched route "blog_post_view" (parameters: "_controller": "Webdev\BlogBundle\Controller\PostController::viewAction", "slug": "symfony2-tutorialfads", "_route": "blog_post_view") [] []
[2012-04-01 20:58:07] request.ERROR: Symfony\Component\HttpKernel\Exception\NotFoundHttpException: Blogpost symfony2-tutorialfadswurde nicht gefunden (uncaught exception) at /Users/Marc/git/blog/vendor/symfony/src/Symfony/Bundle/FrameworkBundle/Controller/Controller.php line 139 [] []
[2012-04-01 20:58:07] request.ERROR: Exception thrown when handling an exception (Twig_Error_Syntax: Unknown tag name "extend". Did you mean "extends" in {} at line 1) [] []
[2012-04-01 20:58:21] request.INFO: Matched route "blog_post_view" (parameters: "_controller": "Webdev\BlogBundle\Controller\PostController::viewAction", "slug": "symfony2-tutorialfads", "_route": "blog_post_view") [] []
[2012-04-01 20:58:21] request.ERROR: Symfony\Component\HttpKernel\Exception\NotFoundHttpException: Blogpost symfony2-tutorialfadswurde nicht gefunden (uncaught exception) at /Users/Marc/git/blog/vendor/symfony/src/Symfony/Bundle/FrameworkBundle/Controller/Controller.php line 139 [] []
[2012-04-01 20:58:21] request.ERROR: Exception thrown when handling an exception (Twig_Error_Syntax: Unknown tag name "extend". Did you mean "extends" in {} at line 1) [] []
[2012-04-01 20:58:34] request.INFO: Matched route "blog_post_view" (parameters: "_controller": "Webdev\BlogBundle\Controller\PostController::viewAction", "slug": "symfony2-tutorialfads", "_route": "blog_post_view") [] []
[2012-04-01 20:58:34] request.ERROR: Symfony\Component\HttpKernel\Exception\NotFoundHttpException: Blogpost symfony2-tutorialfadswurde nicht gefunden (uncaught exception) at /Users/Marc/git/blog/vendor/symfony/src/Symfony/Bundle/FrameworkBundle/Controller/Controller.php line 139 [] []
[2012-04-01 20:58:34] request.ERROR: Exception thrown when handling an exception (Twig_Error_Syntax: Unknown tag name "extend". Did you mean "extends" in {} at line 1) [] []
[2012-04-01 21:02:01] request.INFO: Matched route "blog_post_view" (parameters: "_controller": "Webdev\BlogBundle\Controller\PostController::viewAction", "slug": "symfony2-tutorialfads", "_route": "blog_post_view") [] []
[2012-04-01 21:02:02] request.ERROR: Symfony\Component\HttpKernel\Exception\NotFoundHttpException: Blogpost symfony2-tutorialfadswurde nicht gefunden (uncaught exception) at /Users/Marc/git/blog/vendor/symfony/src/Symfony/Bundle/FrameworkBundle/Controller/Controller.php line 139 [] []
[2012-04-02 00:47:47] request.INFO: Matched route "blog_post_view" (parameters: "_controller": "Webdev\BlogBundle\Controller\PostController::viewAction", "slug": "symfony2-tutorialfads", "_route": "blog_post_view") [] []
[2012-04-02 00:47:47] request.ERROR: Symfony\Component\HttpKernel\Exception\NotFoundHttpException: Blogpost symfony2-tutorialfadswurde nicht gefunden (uncaught exception) at /Users/Marc/git/blog/vendor/symfony/src/Symfony/Bundle/FrameworkBundle/Controller/Controller.php line 139 [] []
[2012-04-02 00:56:13] request.INFO: Matched route "blog_post_view" (parameters: "_controller": "Webdev\BlogBundle\Controller\PostController::viewAction", "slug": "symfony2-tutorialfads", "_route": "blog_post_view") [] []
[2012-04-02 00:56:13] request.ERROR: Symfony\Component\HttpKernel\Exception\NotFoundHttpException: Blogpost symfony2-tutorialfadswurde nicht gefunden (uncaught exception) at /Users/Marc/git/blog/vendor/symfony/src/Symfony/Bundle/FrameworkBundle/Controller/Controller.php line 139 [] []
[2012-05-17 13:26:57] request.ERROR: Symfony\Component\HttpKernel\Exception\NotFoundHttpException: No route found for "GET /admin/post/new" (uncaught exception) at /Users/marc/git/blog/app/cache/prod/classes.php line 4434 [] []
[2012-05-17 13:27:03] request.ERROR: Symfony\Component\HttpKernel\Exception\NotFoundHttpException: No route found for "GET /admin/post/new" (uncaught exception) at /Users/marc/git/blog/app/cache/prod/classes.php line 4434 [] []
[2012-05-17 13:27:13] request.ERROR: Symfony\Component\HttpKernel\Exception\NotFoundHttpException: No route found for "GET /" (uncaught exception) at /Users/marc/git/blog/app/cache/prod/classes.php line 4434 [] []
[2012-05-17 13:27:22] request.INFO: Matched route "blog_post_view" (parameters: "_controller": "Webdev\BlogBundle\Controller\PostController::viewAction", "slug": "symfony2-tutorial", "_route": "blog_post_view") [] []
[2012-05-17 13:27:23] request.CRITICAL: Doctrine\ORM\Mapping\MappingException: Class Webdev\AppBundle\Entity\User is not a valid entity or mapped super class. (uncaught exception) at /Users/marc/git/blog/vendor/doctrine/lib/Doctrine/ORM/Mapping/MappingException.php line 147 [] []
[2012-05-17 17:29:56] request.ERROR: Symfony\Component\HttpKernel\Exception\NotFoundHttpException: No route found for "GET /web/bundles/ivoryckeditor/ckeditor.js" (uncaught exception) at /Users/marc/git/blog/app/cache/prod/classes.php line 4434 [] []
[2012-05-20 14:57:34] request.ERROR: Symfony\Component\HttpKernel\Exception\NotFoundHttpException: No route found for "GET /bundles/trsteelckeditor/ckeditor.js" (uncaught exception) at /Users/marc/git/blog/app/cache/prod/classes.php line 4434 [] []
[2012-05-20 14:57:37] request.ERROR: Symfony\Component\HttpKernel\Exception\NotFoundHttpException: No route found for "GET /bundles/trsteelckeditor/ckeditor.js" (uncaught exception) at /Users/marc/git/blog/app/cache/prod/classes.php line 4434 [] []
[2012-05-20 14:57:52] request.ERROR: Symfony\Component\HttpKernel\Exception\NotFoundHttpException: No route found for "GET /bundles/trsteelckeditor/ckeditor.js" (uncaught exception) at /Users/marc/git/blog/app/cache/prod/classes.php line 4434 [] []
[2012-05-20 14:58:25] request.ERROR: Symfony\Component\HttpKernel\Exception\NotFoundHttpException: No route found for "GET /bundles/trsteelckeditor/ckeditor.js" (uncaught exception) at /Users/marc/git/blog/app/cache/prod/classes.php line 4434 [] []
[2012-05-20 14:59:20] request.ERROR: Symfony\Component\HttpKernel\Exception\NotFoundHttpException: No route found for "GET /bundles/trsteelckeditor/ckeditor.js" (uncaught exception) at /Users/marc/git/blog/app/cache/prod/classes.php line 4434 [] []
[2012-05-20 15:01:06] request.ERROR: Symfony\Component\HttpKernel\Exception\NotFoundHttpException: No route found for "GET /bundles/trsteelckeditor/ckeditor.js" (uncaught exception) at /Users/marc/git/blog/app/cache/prod/classes.php line 4434 [] []
[2012-05-26 14:39:08] request.ERROR: Symfony\Component\HttpKernel\Exception\NotFoundHttpException: No route found for "GET /" (uncaught exception) at /Users/marc/git/blog/app/cache/prod/classes.php line 4434 [] []
[2012-05-29 19:26:39] request.ERROR: Symfony\Component\HttpKernel\Exception\NotFoundHttpException: No route found for "GET /images/logo.png" (uncaught exception) at /Users/marc/git/blog/app/cache/prod/classes.php line 4434 [] []
[2012-05-29 19:26:41] request.ERROR: Symfony\Component\HttpKernel\Exception\NotFoundHttpException: No route found for "GET /images/logo.png" (uncaught exception) at /Users/marc/git/blog/app/cache/prod/classes.php line 4434 [] []
[2012-05-29 19:28:40] request.ERROR: Symfony\Component\HttpKernel\Exception\NotFoundHttpException: No route found for "GET /resources/css/images/logo.png" (uncaught exception) at /Users/marc/git/blog/app/cache/prod/classes.php line 4434 [] []
[2012-05-29 19:28:48] request.ERROR: Symfony\Component\HttpKernel\Exception\NotFoundHttpException: No route found for "GET /resources/css/images/logo.png" (uncaught exception) at /Users/marc/git/blog/app/cache/prod/classes.php line 4434 [] []
[2012-05-29 19:37:26] request.ERROR: Symfony\Component\HttpKernel\Exception\NotFoundHttpException: No route found for "GET /images/logo.png" (uncaught exception) at /Users/marc/git/blog/app/cache/prod/classes.php line 4434 [] []
[2012-05-29 19:37:46] request.ERROR: Symfony\Component\HttpKernel\Exception\NotFoundHttpException: No route found for "GET /resources/css/images/logo.png" (uncaught exception) at /Users/marc/git/blog/app/cache/prod/classes.php line 4434 [] []
[2012-06-01 13:31:29] request.ERROR: Symfony\Component\HttpKernel\Exception\NotFoundHttpException: No route found for "GET /resources/css/images/logo.png" (uncaught exception) at /Users/marc/git/blog/app/cache/prod/classes.php line 4434 [] []
[2012-06-10 14:34:33] request.ERROR: Symfony\Component\HttpKernel\Exception\NotFoundHttpException: No route found for "GET /" (uncaught exception) at /Users/marc/git/blog/app/cache/prod/classes.php line 4434 [] []
[2012-06-11 10:03:23] request.ERROR: Symfony\Component\HttpKernel\Exception\NotFoundHttpException: No route found for "GET /" (uncaught exception) at /Users/marc/git/blog/app/cache/prod/classes.php line 4434 [] []
[2012-06-11 10:03:31] request.ERROR: Symfony\Component\HttpKernel\Exception\NotFoundHttpException: No route found for "GET /" (uncaught exception) at /Users/marc/git/blog/app/cache/prod/classes.php line 4434 [] []
[2012-06-11 10:05:02] request.ERROR: Symfony\Component\HttpKernel\Exception\NotFoundHttpException: No route found for "GET /css/a44dc0a.css" (uncaught exception) at /Users/marc/git/blog/app/cache/prod/classes.php line 4434 [] []
[2012-06-11 10:05:02] request.ERROR: Exception thrown when handling an exception (Twig_Error_Runtime: An exception has been thrown during the rendering of a template ("The security context contains no authentication token. One possible reason may be that there is no firewall configured for this URL.") in "/Users/marc/git/blog/app/Resources/views/base.html.twig" at line 42.) [] []
[2012-06-11 10:05:12] request.ERROR: Symfony\Component\HttpKernel\Exception\NotFoundHttpException: No route found for "GET /css/a44dc0a.css" (uncaught exception) at /Users/marc/git/blog/app/cache/prod/classes.php line 4434 [] []
[2012-06-11 10:05:12] request.ERROR: Exception thrown when handling an exception (Twig_Error_Runtime: An exception has been thrown during the rendering of a template ("The security context contains no authentication token. One possible reason may be that there is no firewall configured for this URL.") in "/Users/marc/git/blog/app/Resources/views/base.html.twig" at line 42.) [] []
[2012-06-11 10:05:12] request.ERROR: Symfony\Component\HttpKernel\Exception\NotFoundHttpException: No route found for "GET /resources/compiled/view.js" (uncaught exception) at /Users/marc/git/blog/app/cache/prod/classes.php line 4434 [] []
[2012-06-11 10:05:12] request.ERROR: Exception thrown when handling an exception (Twig_Error_Runtime: An exception has been thrown during the rendering of a template ("The security context contains no authentication token. One possible reason may be that there is no firewall configured for this URL.") in "/Users/marc/git/blog/app/Resources/views/base.html.twig" at line 42.) [] []
[2012-06-11 10:05:16] request.ERROR: Symfony\Component\HttpKernel\Exception\NotFoundHttpException: No route found for "GET /css/a44dc0a.css" (uncaught exception) at /Users/marc/git/blog/app/cache/prod/classes.php line 4434 [] []
[2012-06-11 10:05:16] request.ERROR: Exception thrown when handling an exception (Twig_Error_Runtime: An exception has been thrown during the rendering of a template ("The security context contains no authentication token. One possible reason may be that there is no firewall configured for this URL.") in "/Users/marc/git/blog/app/Resources/views/base.html.twig" at line 42.) [] []
[2012-06-11 10:05:23] request.ERROR: Symfony\Component\HttpKernel\Exception\NotFoundHttpException: No route found for "GET /css/a44dc0a.css" (uncaught exception) at /Users/marc/git/blog/app/cache/prod/classes.php line 4434 [] []
[2012-06-11 10:05:23] request.ERROR: Exception thrown when handling an exception (Twig_Error_Runtime: An exception has been thrown during the rendering of a template ("The security context contains no authentication token. One possible reason may be that there is no firewall configured for this URL.") in "/Users/marc/git/blog/app/Resources/views/base.html.twig" at line 42.) [] []
[2012-06-11 10:05:51] request.ERROR: Symfony\Component\HttpKernel\Exception\NotFoundHttpException: No route found for "GET /css/a44dc0a.css" (uncaught exception) at /Users/marc/git/blog/app/cache/prod/classes.php line 4434 [] []
[2012-06-11 10:05:51] request.ERROR: Exception thrown when handling an exception (Twig_Error_Runtime: An exception has been thrown during the rendering of a template ("The security context contains no authentication token. One possible reason may be that there is no firewall configured for this URL.") in "/Users/marc/git/blog/app/Resources/views/base.html.twig" at line 42.) [] []
[2012-06-11 10:05:51] request.ERROR: Symfony\Component\HttpKernel\Exception\NotFoundHttpException: No route found for "GET /resources/compiled/view.js" (uncaught exception) at /Users/marc/git/blog/app/cache/prod/classes.php line 4434 [] []
[2012-06-11 10:05:51] request.ERROR: Exception thrown when handling an exception (Twig_Error_Runtime: An exception has been thrown during the rendering of a template ("The security context contains no authentication token. One possible reason may be that there is no firewall configured for this URL.") in "/Users/marc/git/blog/app/Resources/views/base.html.twig" at line 42.) [] []
[2012-06-11 10:05:54] request.ERROR: Symfony\Component\HttpKernel\Exception\NotFoundHttpException: No route found for "GET /css/a44dc0a.css" (uncaught exception) at /Users/marc/git/blog/app/cache/prod/classes.php line 4434 [] []
[2012-06-11 10:05:54] request.ERROR: Exception thrown when handling an exception (Twig_Error_Runtime: An exception has been thrown during the rendering of a template ("The security context contains no authentication token. One possible reason may be that there is no firewall configured for this URL.") in "/Users/marc/git/blog/app/Resources/views/base.html.twig" at line 42.) [] []
[2012-06-11 10:07:15] request.ERROR: Symfony\Component\HttpKernel\Exception\NotFoundHttpException: No route found for "GET /css/a44dc0a.css" (uncaught exception) at /Users/marc/git/blog/app/cache/prod/classes.php line 4434 [] []
[2012-06-11 10:07:15] request.ERROR: Exception thrown when handling an exception (Twig_Error_Runtime: An exception has been thrown during the rendering of a template ("The security context contains no authentication token. One possible reason may be that there is no firewall configured for this URL.") in "/Users/marc/git/blog/app/Resources/views/base.html.twig" at line 42.) [] []
[2012-06-11 10:07:28] request.ERROR: Symfony\Component\HttpKernel\Exception\NotFoundHttpException: No route found for "GET /css/a44dc0a.css" (uncaught exception) at /Users/marc/git/blog/app/cache/prod/classes.php line 4434 [] []
[2012-06-11 10:07:28] request.ERROR: Exception thrown when handling an exception (Twig_Error_Runtime: An exception has been thrown during the rendering of a template ("The security context contains no authentication token. One possible reason may be that there is no firewall configured for this URL.") in "/Users/marc/git/blog/app/Resources/views/base.html.twig" at line 42.) [] []
[2012-06-11 10:10:34] request.ERROR: Symfony\Component\HttpKernel\Exception\NotFoundHttpException: No route found for "GET /css/a44dc0a.css" (uncaught exception) at /Users/marc/git/blog/app/cache/prod/classes.php line 4434 [] []
[2012-06-11 10:10:34] request.ERROR: Exception thrown when handling an exception (Twig_Error_Runtime: An exception has been thrown during the rendering of a template ("The security context contains no authentication token. One possible reason may be that there is no firewall configured for this URL.") in "/Users/marc/git/blog/app/Resources/views/base.html.twig" at line 42.) [] []
[2012-06-11 10:17:05] request.ERROR: Symfony\Component\HttpKernel\Exception\NotFoundHttpException: No route found for "GET /css/f7d11a5.css" (uncaught exception) at /Users/marc/git/blog/app/cache/prod/classes.php line 4434 [] []
[2012-06-11 10:17:05] request.ERROR: Exception thrown when handling an exception (Twig_Error_Runtime: An exception has been thrown during the rendering of a template ("The security context contains no authentication token. One possible reason may be that there is no firewall configured for this URL.") in "/Users/marc/git/blog/app/Resources/views/base.html.twig" at line 43.) [] []
[2012-06-11 10:17:06] request.ERROR: Symfony\Component\HttpKernel\Exception\NotFoundHttpException: No route found for "GET /css/f7d11a5.css" (uncaught exception) at /Users/marc/git/blog/app/cache/prod/classes.php line 4434 [] []
[2012-06-11 10:17:06] request.ERROR: Exception thrown when handling an exception (Twig_Error_Runtime: An exception has been thrown during the rendering of a template ("The security context contains no authentication token. One possible reason may be that there is no firewall configured for this URL.") in "/Users/marc/git/blog/app/Resources/views/base.html.twig" at line 43.) [] []
[2012-06-11 10:17:07] request.ERROR: Symfony\Component\HttpKernel\Exception\NotFoundHttpException: No route found for "GET /css/f7d11a5.css" (uncaught exception) at /Users/marc/git/blog/app/cache/prod/classes.php line 4434 [] []
[2012-06-11 10:17:07] request.ERROR: Exception thrown when handling an exception (Twig_Error_Runtime: An exception has been thrown during the rendering of a template ("The security context contains no authentication token. One possible reason may be that there is no firewall configured for this URL.") in "/Users/marc/git/blog/app/Resources/views/base.html.twig" at line 43.) [] []
[2012-06-11 10:17:11] request.ERROR: Symfony\Component\HttpKernel\Exception\NotFoundHttpException: No route found for "GET /css/f7d11a5.css" (uncaught exception) at /Users/marc/git/blog/app/cache/prod/classes.php line 4434 [] []
[2012-06-11 10:17:11] request.ERROR: Exception thrown when handling an exception (Twig_Error_Runtime: An exception has been thrown during the rendering of a template ("The security context contains no authentication token. One possible reason may be that there is no firewall configured for this URL.") in "/Users/marc/git/blog/app/Resources/views/base.html.twig" at line 43.) [] []
[2012-06-11 10:17:11] request.ERROR: Symfony\Component\HttpKernel\Exception\NotFoundHttpException: No route found for "GET /resources/compiled/view.js" (uncaught exception) at /Users/marc/git/blog/app/cache/prod/classes.php line 4434 [] []
[2012-06-11 10:17:11] request.ERROR: Exception thrown when handling an exception (Twig_Error_Runtime: An exception has been thrown during the rendering of a template ("The security context contains no authentication token. One possible reason may be that there is no firewall configured for this URL.") in "/Users/marc/git/blog/app/Resources/views/base.html.twig" at line 43.) [] []
[2012-06-11 10:17:30] request.ERROR: Symfony\Component\HttpKernel\Exception\NotFoundHttpException: No route found for "GET /resources/compiled/view.js" (uncaught exception) at /Users/marc/git/blog/app/cache/prod/classes.php line 4434 [] []
[2012-06-11 10:17:30] request.ERROR: Exception thrown when handling an exception (Twig_Error_Runtime: An exception has been thrown during the rendering of a template ("The security context contains no authentication token. One possible reason may be that there is no firewall configured for this URL.") in "/Users/marc/git/blog/app/Resources/views/base.html.twig" at line 43.) [] []
[2012-06-11 10:17:32] request.ERROR: Symfony\Component\HttpKernel\Exception\NotFoundHttpException: No route found for "GET /resources/compiled/view.js" (uncaught exception) at /Users/marc/git/blog/app/cache/prod/classes.php line 4434 [] []
[2012-06-11 10:17:32] request.ERROR: Exception thrown when handling an exception (Twig_Error_Runtime: An exception has been thrown during the rendering of a template ("The security context contains no authentication token. One possible reason may be that there is no firewall configured for this URL.") in "/Users/marc/git/blog/app/Resources/views/base.html.twig" at line 43.) [] []
[2012-06-11 10:17:46] request.ERROR: Symfony\Component\HttpKernel\Exception\NotFoundHttpException: No route found for "GET /resources/compiled/view.js" (uncaught exception) at /Users/marc/git/blog/app/cache/prod/classes.php line 4434 [] []
[2012-06-11 10:17:46] request.ERROR: Exception thrown when handling an exception (Twig_Error_Runtime: An exception has been thrown during the rendering of a template ("The security context contains no authentication token. One possible reason may be that there is no firewall configured for this URL.") in "/Users/marc/git/blog/app/Resources/views/base.html.twig" at line 43.) [] []
[2012-06-11 10:19:11] request.ERROR: Symfony\Component\HttpKernel\Exception\NotFoundHttpException: No route found for "GET /resources/compiled/view.js" (uncaught exception) at /Users/marc/git/blog/app/cache/prod/classes.php line 4434 [] []
[2012-06-11 10:19:11] request.ERROR: Exception thrown when handling an exception (Twig_Error_Runtime: An exception has been thrown during the rendering of a template ("The security context contains no authentication token. One possible reason may be that there is no firewall configured for this URL.") in "/Users/marc/git/blog/app/Resources/views/base.html.twig" at line 43.) [] []
[2012-06-11 10:19:11] request.ERROR: Symfony\Component\HttpKernel\Exception\NotFoundHttpException: No route found for "GET /resources/compiled/base.css" (uncaught exception) at /Users/marc/git/blog/app/cache/prod/classes.php line 4434 [] []
[2012-06-11 10:19:11] request.ERROR: Exception thrown when handling an exception (Twig_Error_Runtime: An exception has been thrown during the rendering of a template ("The security context contains no authentication token. One possible reason may be that there is no firewall configured for this URL.") in "/Users/marc/git/blog/app/Resources/views/base.html.twig" at line 43.) [] []
[2012-06-11 10:19:13] request.ERROR: Symfony\Component\HttpKernel\Exception\NotFoundHttpException: No route found for "GET /resources/compiled/base.css" (uncaught exception) at /Users/marc/git/blog/app/cache/prod/classes.php line 4434 [] []
[2012-06-11 10:19:13] request.ERROR: Exception thrown when handling an exception (Twig_Error_Runtime: An exception has been thrown during the rendering of a template ("The security context contains no authentication token. One possible reason may be that there is no firewall configured for this URL.") in "/Users/marc/git/blog/app/Resources/views/base.html.twig" at line 43.) [] []
[2012-06-11 10:19:14] request.ERROR: Symfony\Component\HttpKernel\Exception\NotFoundHttpException: No route found for "GET /resources/compiled/base.css" (uncaught exception) at /Users/marc/git/blog/app/cache/prod/classes.php line 4434 [] []
[2012-06-11 10:19:14] request.ERROR: Exception thrown when handling an exception (Twig_Error_Runtime: An exception has been thrown during the rendering of a template ("The security context contains no authentication token. One possible reason may be that there is no firewall configured for this URL.") in "/Users/marc/git/blog/app/Resources/views/base.html.twig" at line 43.) [] []
[2012-06-11 10:19:53] request.ERROR: Symfony\Component\HttpKernel\Exception\NotFoundHttpException: No route found for "GET /css/a44dc0a.css" (uncaught exception) at /Users/marc/git/blog/app/cache/prod/classes.php line 4434 [] []
[2012-06-11 10:19:53] request.ERROR: Exception thrown when handling an exception (Twig_Error_Runtime: An exception has been thrown during the rendering of a template ("The security context contains no authentication token. One possible reason may be that there is no firewall configured for this URL.") in "/Users/marc/git/blog/app/Resources/views/base.html.twig" at line 42.) [] []
[2012-06-11 10:19:53] request.ERROR: Symfony\Component\HttpKernel\Exception\NotFoundHttpException: No route found for "GET /css/f7d11a5.css" (uncaught exception) at /Users/marc/git/blog/app/cache/prod/classes.php line 4434 [] []
[2012-06-11 10:19:53] request.ERROR: Exception thrown when handling an exception (Twig_Error_Runtime: An exception has been thrown during the rendering of a template ("The security context contains no authentication token. One possible reason may be that there is no firewall configured for this URL.") in "/Users/marc/git/blog/app/Resources/views/base.html.twig" at line 42.) [] []
[2012-06-11 10:19:54] request.ERROR: Symfony\Component\HttpKernel\Exception\NotFoundHttpException: No route found for "GET /css/a44dc0a.css" (uncaught exception) at /Users/marc/git/blog/app/cache/prod/classes.php line 4434 [] []
[2012-06-11 10:19:54] request.ERROR: Exception thrown when handling an exception (Twig_Error_Runtime: An exception has been thrown during the rendering of a template ("The security context contains no authentication token. One possible reason may be that there is no firewall configured for this URL.") in "/Users/marc/git/blog/app/Resources/views/base.html.twig" at line 42.) [] []
[2012-06-11 10:19:54] request.ERROR: Symfony\Component\HttpKernel\Exception\NotFoundHttpException: No route found for "GET /css/f7d11a5.css" (uncaught exception) at /Users/marc/git/blog/app/cache/prod/classes.php line 4434 [] []
[2012-06-11 10:19:54] request.ERROR: Exception thrown when handling an exception (Twig_Error_Runtime: An exception has been thrown during the rendering of a template ("The security context contains no authentication token. One possible reason may be that there is no firewall configured for this URL.") in "/Users/marc/git/blog/app/Resources/views/base.html.twig" at line 42.) [] []
[2012-06-11 10:20:28] request.ERROR: Symfony\Component\HttpKernel\Exception\NotFoundHttpException: No route found for "GET /css/a44dc0a.css" (uncaught exception) at /Users/marc/git/blog/app/cache/prod/classes.php line 4434 [] []
[2012-06-11 10:20:28] request.ERROR: Exception thrown when handling an exception (Twig_Error_Runtime: An exception has been thrown during the rendering of a template ("The security context contains no authentication token. One possible reason may be that there is no firewall configured for this URL.") in "/Users/marc/git/blog/app/Resources/views/base.html.twig" at line 42.) [] []
[2012-06-11 10:20:28] request.ERROR: Symfony\Component\HttpKernel\Exception\NotFoundHttpException: No route found for "GET /css/f7d11a5.css" (uncaught exception) at /Users/marc/git/blog/app/cache/prod/classes.php line 4434 [] []
[2012-06-11 10:20:28] request.ERROR: Exception thrown when handling an exception (Twig_Error_Runtime: An exception has been thrown during the rendering of a template ("The security context contains no authentication token. One possible reason may be that there is no firewall configured for this URL.") in "/Users/marc/git/blog/app/Resources/views/base.html.twig" at line 42.) [] []
[2012-06-11 10:20:29] request.ERROR: Symfony\Component\HttpKernel\Exception\NotFoundHttpException: No route found for "GET /css/a44dc0a.css" (uncaught exception) at /Users/marc/git/blog/app/cache/prod/classes.php line 4434 [] []
[2012-06-11 10:20:29] request.ERROR: Exception thrown when handling an exception (Twig_Error_Runtime: An exception has been thrown during the rendering of a template ("The security context contains no authentication token. One possible reason may be that there is no firewall configured for this URL.") in "/Users/marc/git/blog/app/Resources/views/base.html.twig" at line 42.) [] []
[2012-06-11 10:20:29] request.ERROR: Symfony\Component\HttpKernel\Exception\NotFoundHttpException: No route found for "GET /css/f7d11a5.css" (uncaught exception) at /Users/marc/git/blog/app/cache/prod/classes.php line 4434 [] []
[2012-06-11 10:20:29] request.ERROR: Exception thrown when handling an exception (Twig_Error_Runtime: An exception has been thrown during the rendering of a template ("The security context contains no authentication token. One possible reason may be that there is no firewall configured for this URL.") in "/Users/marc/git/blog/app/Resources/views/base.html.twig" at line 42.) [] []
[2012-06-11 10:20:38] request.ERROR: Symfony\Component\HttpKernel\Exception\NotFoundHttpException: No route found for "GET /resources/compiled/view.js" (uncaught exception) at /Users/marc/git/blog/app/cache/prod/classes.php line 4434 [] []
[2012-06-11 10:20:38] request.ERROR: Exception thrown when handling an exception (Twig_Error_Runtime: An exception has been thrown during the rendering of a template ("The security context contains no authentication token. One possible reason may be that there is no firewall configured for this URL.") in "/Users/marc/git/blog/app/Resources/views/base.html.twig" at line 43.) [] []
[2012-06-11 10:21:08] request.ERROR: Symfony\Component\HttpKernel\Exception\NotFoundHttpException: No route found for "GET /resources/css/layout.css" (uncaught exception) at /Users/marc/git/blog/app/cache/prod/classes.php line 4434 [] []
[2012-06-11 10:21:08] request.ERROR: Exception thrown when handling an exception (Twig_Error_Runtime: An exception has been thrown during the rendering of a template ("The security context contains no authentication token. One possible reason may be that there is no firewall configured for this URL.") in "/Users/marc/git/blog/app/Resources/views/base.html.twig" at line 43.) [] []
[2012-06-11 10:21:08] request.ERROR: Symfony\Component\HttpKernel\Exception\NotFoundHttpException: No route found for "GET /resources/compiled/view.js" (uncaught exception) at /Users/marc/git/blog/app/cache/prod/classes.php line 4434 [] []
[2012-06-11 10:21:08] request.ERROR: Exception thrown when handling an exception (Twig_Error_Runtime: An exception has been thrown during the rendering of a template ("The security context contains no authentication token. One possible reason may be that there is no firewall configured for this URL.") in "/Users/marc/git/blog/app/Resources/views/base.html.twig" at line 43.) [] []
[2012-06-11 10:21:10] request.ERROR: Symfony\Component\HttpKernel\Exception\NotFoundHttpException: No route found for "GET /resources/css/layout.css" (uncaught exception) at /Users/marc/git/blog/app/cache/prod/classes.php line 4434 [] []
[2012-06-11 10:21:10] request.ERROR: Exception thrown when handling an exception (Twig_Error_Runtime: An exception has been thrown during the rendering of a template ("The security context contains no authentication token. One possible reason may be that there is no firewall configured for this URL.") in "/Users/marc/git/blog/app/Resources/views/base.html.twig" at line 43.) [] []
[2012-06-11 10:21:12] request.ERROR: Symfony\Component\HttpKernel\Exception\NotFoundHttpException: No route found for "GET /resources/compiled/view.js" (uncaught exception) at /Users/marc/git/blog/app/cache/prod/classes.php line 4434 [] []
[2012-06-11 10:21:12] request.ERROR: Exception thrown when handling an exception (Twig_Error_Runtime: An exception has been thrown during the rendering of a template ("The security context contains no authentication token. One possible reason may be that there is no firewall configured for this URL.") in "/Users/marc/git/blog/app/Resources/views/base.html.twig" at line 43.) [] []
[2012-06-11 10:21:12] request.ERROR: Symfony\Component\HttpKernel\Exception\NotFoundHttpException: No route found for "GET /resources/css/layout.css" (uncaught exception) at /Users/marc/git/blog/app/cache/prod/classes.php line 4434 [] []
[2012-06-11 10:21:12] request.ERROR: Exception thrown when handling an exception (Twig_Error_Runtime: An exception has been thrown during the rendering of a template ("The security context contains no authentication token. One possible reason may be that there is no firewall configured for this URL.") in "/Users/marc/git/blog/app/Resources/views/base.html.twig" at line 43.) [] []
[2012-06-11 10:23:24] request.ERROR: Symfony\Component\HttpKernel\Exception\NotFoundHttpException: No route found for "GET /resources/css/layout.css" (uncaught exception) at /Users/marc/git/blog/app/cache/prod/classes.php line 4434 [] []
[2012-06-11 10:23:25] request.ERROR: Exception thrown when handling an exception (Twig_Error_Runtime: An exception has been thrown during the rendering of a template ("The security context contains no authentication token. One possible reason may be that there is no firewall configured for this URL.") in "/Users/marc/git/blog/app/Resources/views/base.html.twig" at line 43.) [] []
[2012-06-11 10:23:25] request.ERROR: Symfony\Component\HttpKernel\Exception\NotFoundHttpException: No route found for "GET /resources/css/layout.css" (uncaught exception) at /Users/marc/git/blog/app/cache/prod/classes.php line 4434 [] []
[2012-06-11 10:23:26] request.ERROR: Exception thrown when handling an exception (Twig_Error_Runtime: An exception has been thrown during the rendering of a template ("The security context contains no authentication token. One possible reason may be that there is no firewall configured for this URL.") in "/Users/marc/git/blog/app/Resources/views/base.html.twig" at line 43.) [] []
[2012-06-11 10:23:26] request.ERROR: Symfony\Component\HttpKernel\Exception\NotFoundHttpException: No route found for "GET /resources/css/view.css" (uncaught exception) at /Users/marc/git/blog/app/cache/prod/classes.php line 4434 [] []
[2012-06-11 10:23:26] request.ERROR: Exception thrown when handling an exception (Twig_Error_Runtime: An exception has been thrown during the rendering of a template ("The security context contains no authentication token. One possible reason may be that there is no firewall configured for this URL.") in "/Users/marc/git/blog/app/Resources/views/base.html.twig" at line 43.) [] []
[2012-06-11 10:23:26] request.ERROR: Symfony\Component\HttpKernel\Exception\NotFoundHttpException: No route found for "GET /resources/css/view.js" (uncaught exception) at /Users/marc/git/blog/app/cache/prod/classes.php line 4434 [] []
[2012-06-11 10:23:26] request.ERROR: Exception thrown when handling an exception (Twig_Error_Runtime: An exception has been thrown during the rendering of a template ("The security context contains no authentication token. One possible reason may be that there is no firewall configured for this URL.") in "/Users/marc/git/blog/app/Resources/views/base.html.twig" at line 43.) [] []
[2012-06-11 10:23:33] request.ERROR: Symfony\Component\HttpKernel\Exception\NotFoundHttpException: No route found for "GET /resources/css/layout.css" (uncaught exception) at /Users/marc/git/blog/app/cache/prod/classes.php line 4434 [] []
[2012-06-11 10:23:33] request.ERROR: Exception thrown when handling an exception (Twig_Error_Runtime: An exception has been thrown during the rendering of a template ("The security context contains no authentication token. One possible reason may be that there is no firewall configured for this URL.") in "/Users/marc/git/blog/app/Resources/views/base.html.twig" at line 43.) [] []
[2012-06-11 10:23:34] request.ERROR: Symfony\Component\HttpKernel\Exception\NotFoundHttpException: No route found for "GET /resources/css/layout.css" (uncaught exception) at /Users/marc/git/blog/app/cache/prod/classes.php line 4434 [] []
[2012-06-11 10:23:34] request.ERROR: Exception thrown when handling an exception (Twig_Error_Runtime: An exception has been thrown during the rendering of a template ("The security context contains no authentication token. One possible reason may be that there is no firewall configured for this URL.") in "/Users/marc/git/blog/app/Resources/views/base.html.twig" at line 43.) [] []
[2012-06-11 10:23:34] request.ERROR: Symfony\Component\HttpKernel\Exception\NotFoundHttpException: No route found for "GET /resources/css/view.js" (uncaught exception) at /Users/marc/git/blog/app/cache/prod/classes.php line 4434 [] []
[2012-06-11 10:23:34] request.ERROR: Exception thrown when handling an exception (Twig_Error_Runtime: An exception has been thrown during the rendering of a template ("The security context contains no authentication token. One possible reason may be that there is no firewall configured for this URL.") in "/Users/marc/git/blog/app/Resources/views/base.html.twig" at line 43.) [] []
[2012-06-11 10:23:34] request.ERROR: Symfony\Component\HttpKernel\Exception\NotFoundHttpException: No route found for "GET /resources/css/view.css" (uncaught exception) at /Users/marc/git/blog/app/cache/prod/classes.php line 4434 [] []
[2012-06-11 10:23:34] request.ERROR: Exception thrown when handling an exception (Twig_Error_Runtime: An exception has been thrown during the rendering of a template ("The security context contains no authentication token. One possible reason may be that there is no firewall configured for this URL.") in "/Users/marc/git/blog/app/Resources/views/base.html.twig" at line 43.) [] []
[2012-06-11 10:29:15] request.ERROR: Symfony\Component\HttpKernel\Exception\NotFoundHttpException: No route found for "GET /resources/compiled/base.css" (uncaught exception) at /Users/marc/git/blog/app/cache/prod/classes.php line 4434 [] []
[2012-06-11 10:29:15] request.ERROR: Exception thrown when handling an exception (Twig_Error_Runtime: An exception has been thrown during the rendering of a template ("The security context contains no authentication token. One possible reason may be that there is no firewall configured for this URL.") in "/Users/marc/git/blog/app/Resources/views/base.html.twig" at line 45.) [] []
[2012-06-11 10:29:15] request.ERROR: Symfony\Component\HttpKernel\Exception\NotFoundHttpException: No route found for "GET /resources/compiled/view.js" (uncaught exception) at /Users/marc/git/blog/app/cache/prod/classes.php line 4434 [] []
[2012-06-11 10:29:15] request.ERROR: Exception thrown when handling an exception (Twig_Error_Runtime: An exception has been thrown during the rendering of a template ("The security context contains no authentication token. One possible reason may be that there is no firewall configured for this URL.") in "/Users/marc/git/blog/app/Resources/views/base.html.twig" at line 45.) [] []
[2012-06-11 10:29:17] request.ERROR: Symfony\Component\HttpKernel\Exception\NotFoundHttpException: No route found for "GET /resources/compiled/base.css" (uncaught exception) at /Users/marc/git/blog/app/cache/prod/classes.php line 4434 [] []
[2012-06-11 10:29:17] request.ERROR: Exception thrown when handling an exception (Twig_Error_Runtime: An exception has been thrown during the rendering of a template ("The security context contains no authentication token. One possible reason may be that there is no firewall configured for this URL.") in "/Users/marc/git/blog/app/Resources/views/base.html.twig" at line 45.) [] []
[2012-06-11 10:29:18] request.ERROR: Symfony\Component\HttpKernel\Exception\NotFoundHttpException: No route found for "GET /resources/compiled/base.css" (uncaught exception) at /Users/marc/git/blog/app/cache/prod/classes.php line 4434 [] []
[2012-06-11 10:29:18] request.ERROR: Exception thrown when handling an exception (Twig_Error_Runtime: An exception has been thrown during the rendering of a template ("The security context contains no authentication token. One possible reason may be that there is no firewall configured for this URL.") in "/Users/marc/git/blog/app/Resources/views/base.html.twig" at line 45.) [] []
[2012-06-11 11:19:13] request.ERROR: Symfony\Component\HttpKernel\Exception\NotFoundHttpException: No route found for "GET /resources/compiled/base.css" (uncaught exception) at /Users/marc/git/blog/app/cache/prod/classes.php line 4434 [] []
[2012-06-11 11:19:13] request.ERROR: Exception thrown when handling an exception (Twig_Error_Runtime: An exception has been thrown during the rendering of a template ("The security context contains no authentication token. One possible reason may be that there is no firewall configured for this URL.") in "/Users/marc/git/blog/app/Resources/views/base.html.twig" at line 45.) [] []
[2012-06-11 11:19:15] request.ERROR: Symfony\Component\HttpKernel\Exception\NotFoundHttpException: No route found for "GET /resources/compiled/base.css" (uncaught exception) at /Users/marc/git/blog/app/cache/prod/classes.php line 4434 [] []
[2012-06-11 11:19:15] request.ERROR: Exception thrown when handling an exception (Twig_Error_Runtime: An exception has been thrown during the rendering of a template ("The security context contains no authentication token. One possible reason may be that there is no firewall configured for this URL.") in "/Users/marc/git/blog/app/Resources/views/base.html.twig" at line 45.) [] []
[2012-06-11 11:19:16] request.ERROR: Symfony\Component\HttpKernel\Exception\NotFoundHttpException: No route found for "GET /resources/compiled/base.css" (uncaught exception) at /Users/marc/git/blog/app/cache/prod/classes.php line 4434 [] []
[2012-06-11 11:19:16] request.ERROR: Exception thrown when handling an exception (Twig_Error_Runtime: An exception has been thrown during the rendering of a template ("The security context contains no authentication token. One possible reason may be that there is no firewall configured for this URL.") in "/Users/marc/git/blog/app/Resources/views/base.html.twig" at line 45.) [] []
[2012-06-11 11:20:36] request.ERROR: Symfony\Component\HttpKernel\Exception\NotFoundHttpException: No route found for "GET /resources/compiled/base.css" (uncaught exception) at /Users/marc/git/blog/app/cache/prod/classes.php line 4434 [] []
[2012-06-11 11:20:36] request.ERROR: Exception thrown when handling an exception (Twig_Error_Runtime: An exception has been thrown during the rendering of a template ("The security context contains no authentication token. One possible reason may be that there is no firewall configured for this URL.") in "/Users/marc/git/blog/app/Resources/views/base.html.twig" at line 45.) [] []
[2012-06-11 11:20:38] request.ERROR: Symfony\Component\HttpKernel\Exception\NotFoundHttpException: No route found for "GET /resources/compiled/base.css" (uncaught exception) at /Users/marc/git/blog/app/cache/prod/classes.php line 4434 [] []
[2012-06-11 11:20:38] request.ERROR: Exception thrown when handling an exception (Twig_Error_Runtime: An exception has been thrown during the rendering of a template ("The security context contains no authentication token. One possible reason may be that there is no firewall configured for this URL.") in "/Users/marc/git/blog/app/Resources/views/base.html.twig" at line 45.) [] []
